<?xml version="1.0" encoding="UTF-8"?>
<testsuite xmlns:xsi="http://www.w3.org/2001/XMLSchema-instance" xsi:noNamespaceSchemaLocation="https://maven.apache.org/surefire/maven-surefire-plugin/xsd/surefire-test-report.xsd" name="io.quarkus.workshop.superheroes.villain.VillainResourceTest" time="163.142" tests="13" errors="0" skipped="0" failures="0">
  <properties>
[...]
</properties>
  <testcase name="shouldGetInitialItems" classname="io.quarkus.workshop.superheroes.villain.VillainResourceTest" time="1.429"/>
  <testcase name="shouldAddAnItem" classname="io.quarkus.workshop.superheroes.villain.VillainResourceTest" time="0.647"/>
  <testcase name="testUpdatingAnItem" classname="io.quarkus.workshop.superheroes.villain.VillainResourceTest" time="0.108"/>
  <testcase name="shouldRemoveAnItem" classname="io.quarkus.workshop.superheroes.villain.VillainResourceTest" time="0.201"/>
  <testcase name="shouldGetRandomVillain" classname="io.quarkus.workshop.superheroes.villain.VillainResourceTest" time="0.017"/>
  <testcase name="shouldPingSwaggerUI" classname="io.quarkus.workshop.superheroes.villain.VillainResourceTest" time="0.029"/>
  <testcase name="shouldPingMetrics" classname="io.quarkus.workshop.superheroes.villain.VillainResourceTest" time="0.052"/>
  <testcase name="shouldPingReadiness" classname="io.quarkus.workshop.superheroes.villain.VillainResourceTest" time="0.017"/>
  <testcase name="shouldNotAddInvalidItem" classname="io.quarkus.workshop.superheroes.villain.VillainResourceTest" time="0.029"/>
  <testcase name="shouldPingLiveness" classname="io.quarkus.workshop.superheroes.villain.VillainResourceTest" time="0.012"/>
  <testcase name="shouldNotGetUnknownVillain" classname="io.quarkus.workshop.superheroes.villain.VillainResourceTest" time="0.014"/>
  <testcase name="testHelloEndpoint" classname="io.quarkus.workshop.superheroes.villain.VillainResourceTest" time="0.03"/>
  <testcase name="shouldPingOpenAPI" classname="io.quarkus.workshop.superheroes.villain.VillainResourceTest" time="0.009"/>
</testsuite>